<?xml version="1.0" encoding="UTF-8"?>
<testsuite xmlns:xsi="http://www.w3.org/2001/XMLSchema-instance" xsi:noNamespaceSchemaLocation="https://maven.apache.org/surefire/maven-surefire-plugin/xsd/surefire-test-report.xsd" name="com.kubernetes.AppTest" time="0.096" tests="1" errors="0" skipped="0" failures="0">
  <properties>
    <property name="java.specification.version" value="17"/>
    <property name="sun.cpu.isalist" value="amd64"/>
    <property name="sun.jnu.encoding" value="Cp1252"/>
    <property name="java.class.path" value="C:\Users\rkgy\eclipse-workspace\maven-archetype-sockshop-java\target\test-classes;C:\Users\rkgy\eclipse-workspace\maven-archetype-sockshop-java\target\classes;C:\Users\rkgy\.m2\repository\junit\junit\4.11\junit-4.11.jar;C:\Users\rkgy\.m2\repository\org\hamcrest\hamcrest-core\1.3\hamcrest-core-1.3.jar;C:\Users\rkgy\.m2\repository\io\kubernetes\client-java\11.0.0\client-java-11.0.0.jar;C:\Users\rkgy\.m2\repository\io\prometheus\simpleclient\0.9.0\simpleclient-0.9.0.jar;C:\Users\rkgy\.m2\repository\io\prometheus\simpleclient_httpserver\0.9.0\simpleclient_httpserver-0.9.0.jar;C:\Users\rkgy\.m2\repository\io\prometheus\simpleclient_common\0.9.0\simpleclient_common-0.9.0.jar;C:\Users\rkgy\.m2\repository\io\kubernetes\client-java-api\11.0.0\client-java-api-11.0.0.jar;C:\Users\rkgy\.m2\repository\javax\annotation\javax.annotation-api\1.3.2\javax.annotation-api-1.3.2.jar;C:\Users\rkgy\.m2\repository\io\swagger\swagger-annotations\1.6.2\swagger-annotations-1.6.2.jar;C:\Users\rkgy\.m2\repository\com\squareup\okhttp3\okhttp\3.14.9\okhttp-3.14.9.jar;C:\Users\rkgy\.m2\repository\com\squareup\okio\okio\1.17.2\okio-1.17.2.jar;C:\Users\rkgy\.m2\repository\com\squareup\okhttp3\logging-interceptor\3.14.9\logging-interceptor-3.14.9.jar;C:\Users\rkgy\.m2\repository\com\google\code\gson\gson\2.8.6\gson-2.8.6.jar;C:\Users\rkgy\.m2\repository\io\gsonfire\gson-fire\1.8.5\gson-fire-1.8.5.jar;C:\Users\rkgy\.m2\repository\joda-time\joda-time\2.10.8\joda-time-2.10.8.jar;C:\Users\rkgy\.m2\repository\org\joda\joda-convert\2.2.1\joda-convert-2.2.1.jar;C:\Users\rkgy\.m2\repository\com\google\code\findbugs\jsr305\3.0.2\jsr305-3.0.2.jar;C:\Users\rkgy\.m2\repository\io\kubernetes\client-java-proto\11.0.0\client-java-proto-11.0.0.jar;C:\Users\rkgy\.m2\repository\org\yaml\snakeyaml\1.27\snakeyaml-1.27.jar;C:\Users\rkgy\.m2\repository\commons-codec\commons-codec\1.15\commons-codec-1.15.jar;C:\Users\rkgy\.m2\repository\org\apache\commons\commons-compress\1.20\commons-compress-1.20.jar;C:\Users\rkgy\.m2\repository\org\apache\commons\commons-lang3\3.11\commons-lang3-3.11.jar;C:\Users\rkgy\.m2\repository\commons-io\commons-io\2.8.0\commons-io-2.8.0.jar;C:\Users\rkgy\.m2\repository\org\slf4j\slf4j-api\1.7.30\slf4j-api-1.7.30.jar;C:\Users\rkgy\.m2\repository\org\bouncycastle\bcprov-ext-jdk15on\1.66\bcprov-ext-jdk15on-1.66.jar;C:\Users\rkgy\.m2\repository\org\bouncycastle\bcpkix-jdk15on\1.66\bcpkix-jdk15on-1.66.jar;C:\Users\rkgy\.m2\repository\org\bouncycastle\bcprov-jdk15on\1.66\bcprov-jdk15on-1.66.jar;C:\Users\rkgy\.m2\repository\com\google\protobuf\protobuf-java\3.14.0\protobuf-java-3.14.0.jar;C:\Users\rkgy\.m2\repository\org\apache\commons\commons-collections4\4.4\commons-collections4-4.4.jar;C:\Users\rkgy\.m2\repository\org\bitbucket\b_c\jose4j\0.7.3\jose4j-0.7.3.jar;"/>
    <property name="java.vm.vendor" value="Eclipse Adoptium"/>
    <property name="sun.arch.data.model" value="64"/>
    <property name="user.variant" value=""/>
    <property name="java.vendor.url" value="https://adoptium.net/"/>
    <property name="user.timezone" value="Etc/UTC"/>
    <property name="os.name" value="Windows 10"/>
    <property name="java.vm.specification.version" value="17"/>
    <property name="sun.java.launcher" value="SUN_STANDARD"/>
    <property name="user.country" value="US"/>
    <property name="sun.boot.library.path" value="C:\Users\rkgy\.p2\pool\plugins\org.eclipse.justj.openjdk.hotspot.jre.full.win32.x86_64_17.0.3.v20220515-1416\jre\bin"/>
    <property name="sun.java.command" value="C:\Users\rkgy\AppData\Local\Temp\surefire9348056666425101511\surefirebooter14098625731456507678.jar C:\Users\rkgy\AppData\Local\Temp\surefire9348056666425101511 2022-07-02T21-53-36_995-jvmRun1 surefire5350576042560538033tmp surefire_014149507777795895145tmp"/>
    <property name="jdk.debug" value="release"/>
    <property name="surefire.test.class.path" value="C:\Users\rkgy\eclipse-workspace\maven-archetype-sockshop-java\target\test-classes;C:\Users\rkgy\eclipse-workspace\maven-archetype-sockshop-java\target\classes;C:\Users\rkgy\.m2\repository\junit\junit\4.11\junit-4.11.jar;C:\Users\rkgy\.m2\repository\org\hamcrest\hamcrest-core\1.3\hamcrest-core-1.3.jar;C:\Users\rkgy\.m2\repository\io\kubernetes\client-java\11.0.0\client-java-11.0.0.jar;C:\Users\rkgy\.m2\repository\io\prometheus\simpleclient\0.9.0\simpleclient-0.9.0.jar;C:\Users\rkgy\.m2\repository\io\prometheus\simpleclient_httpserver\0.9.0\simpleclient_httpserver-0.9.0.jar;C:\Users\rkgy\.m2\repository\io\prometheus\simpleclient_common\0.9.0\simpleclient_common-0.9.0.jar;C:\Users\rkgy\.m2\repository\io\kubernetes\client-java-api\11.0.0\client-java-api-11.0.0.jar;C:\Users\rkgy\.m2\repository\javax\annotation\javax.annotation-api\1.3.2\javax.annotation-api-1.3.2.jar;C:\Users\rkgy\.m2\repository\io\swagger\swagger-annotations\1.6.2\swagger-annotations-1.6.2.jar;C:\Users\rkgy\.m2\repository\com\squareup\okhttp3\okhttp\3.14.9\okhttp-3.14.9.jar;C:\Users\rkgy\.m2\repository\com\squareup\okio\okio\1.17.2\okio-1.17.2.jar;C:\Users\rkgy\.m2\repository\com\squareup\okhttp3\logging-interceptor\3.14.9\logging-interceptor-3.14.9.jar;C:\Users\rkgy\.m2\repository\com\google\code\gson\gson\2.8.6\gson-2.8.6.jar;C:\Users\rkgy\.m2\repository\io\gsonfire\gson-fire\1.8.5\gson-fire-1.8.5.jar;C:\Users\rkgy\.m2\repository\joda-time\joda-time\2.10.8\joda-time-2.10.8.jar;C:\Users\rkgy\.m2\repository\org\joda\joda-convert\2.2.1\joda-convert-2.2.1.jar;C:\Users\rkgy\.m2\repository\com\google\code\findbugs\jsr305\3.0.2\jsr305-3.0.2.jar;C:\Users\rkgy\.m2\repository\io\kubernetes\client-java-proto\11.0.0\client-java-proto-11.0.0.jar;C:\Users\rkgy\.m2\repository\org\yaml\snakeyaml\1.27\snakeyaml-1.27.jar;C:\Users\rkgy\.m2\repository\commons-codec\commons-codec\1.15\commons-codec-1.15.jar;C:\Users\rkgy\.m2\repository\org\apache\commons\commons-compress\1.20\commons-compress-1.20.jar;C:\Users\rkgy\.m2\repository\org\apache\commons\commons-lang3\3.11\commons-lang3-3.11.jar;C:\Users\rkgy\.m2\repository\commons-io\commons-io\2.8.0\commons-io-2.8.0.jar;C:\Users\rkgy\.m2\repository\org\slf4j\slf4j-api\1.7.30\slf4j-api-1.7.30.jar;C:\Users\rkgy\.m2\repository\org\bouncycastle\bcprov-ext-jdk15on\1.66\bcprov-ext-jdk15on-1.66.jar;C:\Users\rkgy\.m2\repository\org\bouncycastle\bcpkix-jdk15on\1.66\bcpkix-jdk15on-1.66.jar;C:\Users\rkgy\.m2\repository\org\bouncycastle\bcprov-jdk15on\1.66\bcprov-jdk15on-1.66.jar;C:\Users\rkgy\.m2\repository\com\google\protobuf\protobuf-java\3.14.0\protobuf-java-3.14.0.jar;C:\Users\rkgy\.m2\repository\org\apache\commons\commons-collections4\4.4\commons-collections4-4.4.jar;C:\Users\rkgy\.m2\repository\org\bitbucket\b_c\jose4j\0.7.3\jose4j-0.7.3.jar;"/>
    <property name="sun.cpu.endian" value="little"/>
    <property name="user.home" value="C:\Users\rkgy"/>
    <property name="user.language" value="en"/>
    <property name="java.specification.vendor" value="Oracle Corporation"/>
    <property name="java.version.date" value="2022-04-19"/>
    <property name="java.home" value="C:\Users\rkgy\.p2\pool\plugins\org.eclipse.justj.openjdk.hotspot.jre.full.win32.x86_64_17.0.3.v20220515-1416\jre"/>
    <property name="file.separator" value="\"/>
    <property name="basedir" value="C:\Users\rkgy\eclipse-workspace\maven-archetype-sockshop-java"/>
    <property name="java.vm.compressedOopsMode" value="Zero based"/>
    <property name="line.separator" value="&#10;"/>
    <property name="java.vm.specification.vendor" value="Oracle Corporation"/>
    <property name="java.specification.name" value="Java Platform API Specification"/>
    <property name="surefire.real.class.path" value="C:\Users\rkgy\AppData\Local\Temp\surefire9348056666425101511\surefirebooter14098625731456507678.jar"/>
    <property name="user.script" value=""/>
    <property name="sun.management.compiler" value="HotSpot 64-Bit Tiered Compilers"/>
    <property name="java.runtime.version" value="17.0.3+7"/>
    <property name="user.name" value="rkgy"/>
    <property name="path.separator" value=";"/>
    <property name="os.version" value="10.0"/>
    <property name="java.runtime.name" value="OpenJDK Runtime Environment"/>
    <property name="file.encoding" value="Cp1252"/>
    <property name="java.vm.name" value="OpenJDK 64-Bit Server VM"/>
    <property name="java.vendor.version" value="Temurin-17.0.3+7"/>
    <property name="localRepository" value="C:\Users\rkgy\.m2\repository"/>
    <property name="java.vendor.url.bug" value="https://github.com/adoptium/adoptium-support/issues"/>
    <property name="java.io.tmpdir" value="C:\Users\rkgy\AppData\Local\Temp\"/>
    <property name="java.version" value="17.0.3"/>
    <property name="user.dir" value="C:\Users\rkgy\eclipse-workspace\maven-archetype-sockshop-java"/>
    <property name="os.arch" value="amd64"/>
    <property name="java.vm.specification.name" value="Java Virtual Machine Specification"/>
    <property name="sun.os.patch.level" value=""/>
    <property name="native.encoding" value="Cp1252"/>
    <property name="java.library.path" value="C:\Users\rkgy\.p2\pool\plugins\org.eclipse.justj.openjdk.hotspot.jre.full.win32.x86_64_17.0.3.v20220515-1416\jre\bin;C:\Windows\Sun\Java\bin;C:\Windows\system32;C:\Windows;C:/Users/rkgy/.p2/pool/plugins/org.eclipse.justj.openjdk.hotspot.jre.full.win32.x86_64_17.0.3.v20220515-1416/jre/bin/server;C:/Users/rkgy/.p2/pool/plugins/org.eclipse.justj.openjdk.hotspot.jre.full.win32.x86_64_17.0.3.v20220515-1416/jre/bin;C:\Program Files (x86)\Common Files\Oracle\Java\javapath;C:\tools\ruby31\bin;C:\Windows\system32;C:\Windows;C:\Windows\System32\Wbem;C:\Windows\System32\WindowsPowerShell\v1.0\;C:\Windows\System32\OpenSSH\;C:\minikube;C:\Program Files\Docker\Docker\resources\bin;C:\ProgramData\DockerDesktop\version-bin;C:\ProgramData\chocolatey\bin;C:\terraform;C:\Users\rkgy\AppData\Local\Microsoft\WindowsApps;;C:\Users\rkgy\AppData\Local\Programs\Microsoft VS Code\bin;C:\Users\rkgy\Desktop;;."/>
    <property name="java.vm.info" value="mixed mode"/>
    <property name="java.vendor" value="Eclipse Adoptium"/>
    <property name="java.vm.version" value="17.0.3+7"/>
    <property name="sun.io.unicode.encoding" value="UnicodeLittle"/>
    <property name="java.class.version" value="61.0"/>
  </properties>
  <testcase name="shouldAnswerWithTrue" classname="com.kubernetes.AppTest" time="0.005"/>
</testsuite>